Traceback (most recent call last):
  File "/Users/kvarada/opt/miniconda3/envs/cpsc330/lib/python3.10/site-packages/jupyter_cache/executors/utils.py", line 51, in single_nb_execution
    executenb(
  File "/Users/kvarada/opt/miniconda3/envs/cpsc330/lib/python3.10/site-packages/nbclient/client.py", line 1204, in execute
    return NotebookClient(nb=nb, resources=resources, km=km, **kwargs).execute()
  File "/Users/kvarada/opt/miniconda3/envs/cpsc330/lib/python3.10/site-packages/nbclient/util.py", line 84, in wrapped
    return just_run(coro(*args, **kwargs))
  File "/Users/kvarada/opt/miniconda3/envs/cpsc330/lib/python3.10/site-packages/nbclient/util.py", line 62, in just_run
    return loop.run_until_complete(coro)
  File "/Users/kvarada/opt/miniconda3/envs/cpsc330/lib/python3.10/asyncio/base_events.py", line 646, in run_until_complete
    return future.result()
  File "/Users/kvarada/opt/miniconda3/envs/cpsc330/lib/python3.10/site-packages/nbclient/client.py", line 663, in async_execute
    await self.async_execute_cell(
  File "/Users/kvarada/opt/miniconda3/envs/cpsc330/lib/python3.10/site-packages/nbclient/client.py", line 965, in async_execute_cell
    await self._check_raise_for_error(cell, cell_index, exec_reply)
  File "/Users/kvarada/opt/miniconda3/envs/cpsc330/lib/python3.10/site-packages/nbclient/client.py", line 862, in _check_raise_for_error
    raise CellExecutionError.from_cell_and_msg(cell, exec_reply_content)
nbclient.exceptions.CellExecutionError: An error occurred while executing the following cell:
------------------
for i, df in enumerate([df2, df3, df4, df5, df6]):
    assert df1.equals(df), f"df1 not equal to df{i + 2}"
print("All tests passed.")
------------------

[0;31m---------------------------------------------------------------------------[0m
[0;31mAttributeError[0m                            Traceback (most recent call last)
Input [0;32mIn [3][0m, in [0;36m<cell line: 1>[0;34m()[0m
[1;32m      1[0m [38;5;28;01mfor[39;00m i, df [38;5;129;01min[39;00m [38;5;28menumerate[39m([df2, df3, df4, df5, df6]):
[0;32m----> 2[0m     [38;5;28;01massert[39;00m [43mdf1[49m[38;5;241;43m.[39;49m[43mequals[49m(df), [38;5;124mf[39m[38;5;124m"[39m[38;5;124mdf1 not equal to df[39m[38;5;132;01m{[39;00mi [38;5;241m+[39m [38;5;241m2[39m[38;5;132;01m}[39;00m[38;5;124m"[39m
[1;32m      3[0m [38;5;28mprint[39m([38;5;124m"[39m[38;5;124mAll tests passed.[39m[38;5;124m"[39m)

[0;31mAttributeError[0m: 'NoneType' object has no attribute 'equals'
AttributeError: 'NoneType' object has no attribute 'equals'

