Traceback (most recent call last):
  File "/Users/kvarada/opt/miniconda3/lib/python3.10/site-packages/jupyter_cache/executors/utils.py", line 51, in single_nb_execution
    executenb(
  File "/Users/kvarada/opt/miniconda3/lib/python3.10/site-packages/nbclient/client.py", line 1204, in execute
    return NotebookClient(nb=nb, resources=resources, km=km, **kwargs).execute()
  File "/Users/kvarada/opt/miniconda3/lib/python3.10/site-packages/nbclient/util.py", line 84, in wrapped
    return just_run(coro(*args, **kwargs))
  File "/Users/kvarada/opt/miniconda3/lib/python3.10/site-packages/nbclient/util.py", line 62, in just_run
    return loop.run_until_complete(coro)
  File "/Users/kvarada/opt/miniconda3/lib/python3.10/asyncio/base_events.py", line 646, in run_until_complete
    return future.result()
  File "/Users/kvarada/opt/miniconda3/lib/python3.10/site-packages/nbclient/client.py", line 663, in async_execute
    await self.async_execute_cell(
  File "/Users/kvarada/opt/miniconda3/lib/python3.10/site-packages/nbclient/client.py", line 965, in async_execute_cell
    await self._check_raise_for_error(cell, cell_index, exec_reply)
  File "/Users/kvarada/opt/miniconda3/lib/python3.10/site-packages/nbclient/client.py", line 862, in _check_raise_for_error
    raise CellExecutionError.from_cell_and_msg(cell, exec_reply_content)
nbclient.exceptions.CellExecutionError: An error occurred while executing the following cell:
------------------
import wikipedia
from nltk.tokenize import sent_tokenize, word_tokenize

queries = [
    "hummus food",
    "bread food",
    "artificial intelligence",
    "unsupervised learning",
    "football sport",
    "ice hockey",
]

wiki_dict = {"wiki query": [], "text": [], "n_words": []}
for i in range(len(queries)):
    text = sent_tokenize(wikipedia.page(queries[i]).content)[1]
    wiki_dict["text"].append(text)
    wiki_dict["n_words"].append(len(word_tokenize(text)))
    wiki_dict["wiki query"].append(queries[i])

wiki_df = pd.DataFrame(wiki_dict)
wiki_df
------------------

[0;31m---------------------------------------------------------------------------[0m
[0;31mModuleNotFoundError[0m                       Traceback (most recent call last)
Cell [0;32mIn [4], line 1[0m
[0;32m----> 1[0m [38;5;28;01mimport[39;00m [38;5;21;01mwikipedia[39;00m
[1;32m      2[0m [38;5;28;01mfrom[39;00m [38;5;21;01mnltk[39;00m[38;5;21;01m.[39;00m[38;5;21;01mtokenize[39;00m [38;5;28;01mimport[39;00m sent_tokenize, word_tokenize
[1;32m      4[0m queries [38;5;241m=[39m [
[1;32m      5[0m     [38;5;124m"[39m[38;5;124mhummus food[39m[38;5;124m"[39m,
[1;32m      6[0m     [38;5;124m"[39m[38;5;124mbread food[39m[38;5;124m"[39m,
[0;32m   (...)[0m
[1;32m     10[0m     [38;5;124m"[39m[38;5;124mice hockey[39m[38;5;124m"[39m,
[1;32m     11[0m ]

[0;31mModuleNotFoundError[0m: No module named 'wikipedia'
ModuleNotFoundError: No module named 'wikipedia'

